[2017-08-28 23:04:19] Executing startup tasks
[2017-08-28 23:04:19] Java(TM) SE Runtime Environment 1.8.0_131-b11
[2017-08-28 23:04:19] Product self.product.version
[2017-08-28 23:04:19] Workspace /home/juan/ProyectoGrado/runtime-EclipseISML2
[2017-08-28 23:04:19] Bundle org.eclipse.oomph.setup 1.8.0.v20170408-0745, build=3059, branch=2161405b80cf99ed791602ba56cdf44084f5ca43
[2017-08-28 23:04:19] Bundle org.eclipse.oomph.setup.core 1.8.0.v20170531-0903, build=3059, branch=2161405b80cf99ed791602ba56cdf44084f5ca43
[2017-08-28 23:04:19] Bundle org.eclipse.oomph.setup.p2 1.8.0.v20170318-0419, build=3059, branch=2161405b80cf99ed791602ba56cdf44084f5ca43
[2017-08-28 23:04:20] Performing Preference /instance/org.eclipse.acceleo.common/org.eclipse.acceleo.debug.messages.enable = true
[2017-08-28 23:04:20] Performing Preference /instance/org.eclipse.acceleo.common/org.eclipse.acceleo.query.cache.enable = true
[2017-08-28 23:04:20] Performing Preference /instance/org.eclipse.jdt.core/org.eclipse.jdt.core.compiler.codegen.targetPlatform = 1.8
[2017-08-28 23:04:20] Performing Preference /instance/org.eclipse.jdt.core/org.eclipse.jdt.core.compiler.compliance = 1.8
[2017-08-28 23:04:20] Performing Preference /instance/org.eclipse.jdt.core/org.eclipse.jdt.core.compiler.source = 1.8
[2017-08-28 23:04:20] Performing Preference /instance/org.eclipse.jdt.debug/org.eclipse.jdt.debug.default_breakpoint_suspend_policy = 2
[2017-08-28 23:04:20] Performing Preference /instance/org.eclipse.jdt.debug/org.eclipse.jdt.debug.do_not_install_breakpoints_from_unrelated_sources = true
[2017-08-28 23:04:20] Performing Preference /instance/org.eclipse.jdt.debug/org.eclipse.jdt.debug.PREF_HCR_WITH_COMPILATION_ERRORS = true
[2017-08-28 23:04:20] Performing Preference /instance/org.eclipse.jdt.debug/org.eclipse.jdt.debug.PREF_REQUEST_TIMEOUT = 3000
[2017-08-28 23:04:20] Performing Preference /instance/org.eclipse.jdt.debug/org.eclipse.jdt.debug.suspend_for_breakpoints_during_evaluation = true
[2017-08-28 23:04:20] Performing Preference /instance/org.eclipse.jdt.debug/org.eclipse.jdt.debugdefault_watchpoint_suspend_policy = 0
[2017-08-28 23:04:20] Performing Preference /instance/org.eclipse.jdt.junit/org.eclipse.jdt.junit.show_in_all_views = false
[2017-08-28 23:04:20] Performing Preference /instance/org.eclipse.jdt.junit.core/org.eclipse.jdt.junit.enable_assertions = true
[2017-08-28 23:04:20] Performing Preference /instance/org.eclipse.jdt.launching/org.eclipse.jdt.launching.only_include_exported_classpath_entries = false
[2017-08-28 23:04:20] Performing Preference /instance/org.eclipse.jdt.launching/org.eclipse.jdt.launching.PREF_CONNECT_TIMEOUT = 20000
[2017-08-28 23:04:20] Performing Preference /instance/org.eclipse.jdt.ui/sourceHoverBackgroundColor = 255,255,255
[2017-08-28 23:04:20] 
