2017-10-17 09:59:27,209 328    [      Worker-21] ERROR ext.builder.BuilderParticipant  - Error during compilation of 'platform:/resource/frontendIonicISML/controller/alumno/controllers/CrearAlumnoC.isml'.
org.eclipse.core.internal.resources.ResourceException: Project 'AppPrenat' is not open.
	at org.eclipse.core.internal.resources.Project.checkAccessible(Project.java:144)
	at org.eclipse.core.internal.resources.Folder.assertCreateRequirements(Folder.java:33)
	at org.eclipse.core.internal.resources.Folder.create(Folder.java:93)
	at org.eclipse.core.internal.resources.Folder.create(Folder.java:121)
	at org.eclipse.xtext.builder.EclipseResourceFileSystemAccess2.ensureExists(EclipseResourceFileSystemAccess2.java:336)
	at org.eclipse.xtext.builder.EclipseResourceFileSystemAccess2.ensureExists(EclipseResourceFileSystemAccess2.java:335)
	at org.eclipse.xtext.builder.EclipseResourceFileSystemAccess2.ensureExists(EclipseResourceFileSystemAccess2.java:335)
	at org.eclipse.xtext.builder.EclipseResourceFileSystemAccess2.ensureExists(EclipseResourceFileSystemAccess2.java:335)
	at org.eclipse.xtext.builder.EclipseResourceFileSystemAccess2.createFolder(EclipseResourceFileSystemAccess2.java:311)
	at org.eclipse.xtext.builder.EclipseResourceFileSystemAccess2.createContainer(EclipseResourceFileSystemAccess2.java:319)
	at org.eclipse.xtext.builder.EclipseResourceFileSystemAccess2.ensureOutputConfigurationDirectoryExists(EclipseResourceFileSystemAccess2.java:188)
	at org.eclipse.xtext.builder.EclipseResourceFileSystemAccess2.generateFile(EclipseResourceFileSystemAccess2.java:206)
	at co.edu.javeriana.isml.generator.common.SimpleGenerator.execute(SimpleGenerator.java:34)
	at co.edu.javeriana.isml.generator.common.GeneratorSuite$2.accept(GeneratorSuite.java:88)
	at co.edu.javeriana.isml.generator.common.GeneratorSuite$2.accept(GeneratorSuite.java:1)
	at java.lang.Iterable.forEach(Iterable.java:75)
	at co.edu.javeriana.isml.generator.common.GeneratorSuite.generate(GeneratorSuite.java:91)
	at co.edu.javeriana.isml.generator.common.GeneratorSuite.access$0(GeneratorSuite.java:83)
	at co.edu.javeriana.isml.generator.common.GeneratorSuite$1.apply(GeneratorSuite.java:77)
	at co.edu.javeriana.isml.generator.common.GeneratorSuite$1.apply(GeneratorSuite.java:1)
	at org.eclipse.xtext.xbase.lib.IteratorExtensions.forEach(IteratorExtensions.java:385)
	at co.edu.javeriana.isml.generator.common.GeneratorSuite.doGenerate(GeneratorSuite.java:80)
	at co.edu.javeriana.generator.GeneratorDispatcher.doGenerate(GeneratorDispatcher.java:42)
	at org.eclipse.xtext.generator.GeneratorDelegate.doGenerate(GeneratorDelegate.java:45)
	at org.eclipse.xtext.generator.GeneratorDelegate.generate(GeneratorDelegate.java:34)
	at org.eclipse.xtext.builder.BuilderParticipant.handleChangedContents(BuilderParticipant.java:588)
	at co.edu.javeriana.generator.IsmlBuilderParticipant.handleChangedContents(IsmlBuilderParticipant.java:53)
	at org.eclipse.xtext.builder.BuilderParticipant.handleChangedContents(BuilderParticipant.java:573)
	at org.eclipse.xtext.builder.BuilderParticipant.doGenerate(BuilderParticipant.java:558)
	at org.eclipse.xtext.builder.BuilderParticipant.doBuild(BuilderParticipant.java:301)
	at org.eclipse.xtext.builder.BuilderParticipant.build(BuilderParticipant.java:259)
	at co.edu.javeriana.generator.IsmlBuilderParticipant.build(IsmlBuilderParticipant.java:44)
	at org.eclipse.xtext.builder.impl.RegistryBuilderParticipant$DeferredBuilderParticipant.build(RegistryBuilderParticipant.java:161)
	at org.eclipse.xtext.builder.impl.RegistryBuilderParticipant.build(RegistryBuilderParticipant.java:69)
	at org.eclipse.xtext.builder.impl.XtextBuilder.doBuild(XtextBuilder.java:291)
	at org.eclipse.xtext.builder.impl.XtextBuilder.fullBuild(XtextBuilder.java:319)
	at org.eclipse.xtext.builder.impl.XtextBuilder.build(XtextBuilder.java:155)
	at org.eclipse.core.internal.events.BuildManager$2.run(BuildManager.java:735)
	at org.eclipse.core.runtime.SafeRunner.run(SafeRunner.java:42)
	at org.eclipse.core.internal.events.BuildManager.basicBuild(BuildManager.java:206)
	at org.eclipse.core.internal.events.BuildManager.basicBuild(BuildManager.java:246)
	at org.eclipse.core.internal.events.BuildManager$1.run(BuildManager.java:301)
	at org.eclipse.core.runtime.SafeRunner.run(SafeRunner.java:42)
	at org.eclipse.core.internal.events.BuildManager.basicBuild(BuildManager.java:304)
	at org.eclipse.core.internal.events.BuildManager.basicBuildLoop(BuildManager.java:360)
	at org.eclipse.core.internal.events.BuildManager.build(BuildManager.java:383)
	at org.eclipse.core.internal.events.AutoBuildJob.doBuild(AutoBuildJob.java:142)
	at org.eclipse.core.internal.events.AutoBuildJob.run(AutoBuildJob.java:232)
	at org.eclipse.core.internal.jobs.Worker.run(Worker.java:56)
2017-10-17 09:59:27,220 339    [      Worker-21] ERROR ext.builder.BuilderParticipant  - Error during compilation of 'platform:/resource/frontendIonicISML/view/asignatura/views/EditarAsignaturaV.isml'.
org.eclipse.core.internal.resources.ResourceException: Project 'AppPrenat' is not open.
	at org.eclipse.core.internal.resources.Project.checkAccessible(Project.java:144)
	at org.eclipse.core.internal.resources.Folder.assertCreateRequirements(Folder.java:33)
	at org.eclipse.core.internal.resources.Folder.create(Folder.java:93)
	at org.eclipse.core.internal.resources.Folder.create(Folder.java:121)
	at org.eclipse.xtext.builder.EclipseResourceFileSystemAccess2.ensureExists(EclipseResourceFileSystemAccess2.java:336)
	at org.eclipse.xtext.builder.EclipseResourceFileSystemAccess2.ensureExists(EclipseResourceFileSystemAccess2.java:335)
	at org.eclipse.xtext.builder.EclipseResourceFileSystemAccess2.ensureExists(EclipseResourceFileSystemAccess2.java:335)
	at org.eclipse.xtext.builder.EclipseResourceFileSystemAccess2.ensureExists(EclipseResourceFileSystemAccess2.java:335)
	at org.eclipse.xtext.builder.EclipseResourceFileSystemAccess2.createFolder(EclipseResourceFileSystemAccess2.java:311)
	at org.eclipse.xtext.builder.EclipseResourceFileSystemAccess2.createContainer(EclipseResourceFileSystemAccess2.java:319)
	at org.eclipse.xtext.builder.EclipseResourceFileSystemAccess2.ensureOutputConfigurationDirectoryExists(EclipseResourceFileSystemAccess2.java:188)
	at org.eclipse.xtext.builder.EclipseResourceFileSystemAccess2.generateFile(EclipseResourceFileSystemAccess2.java:206)
	at co.edu.javeriana.isml.generator.common.SimpleGenerator.execute(SimpleGenerator.java:34)
	at co.edu.javeriana.isml.generator.common.GeneratorSuite$2.accept(GeneratorSuite.java:88)
	at co.edu.javeriana.isml.generator.common.GeneratorSuite$2.accept(GeneratorSuite.java:1)
	at java.lang.Iterable.forEach(Iterable.java:75)
	at co.edu.javeriana.isml.generator.common.GeneratorSuite.generate(GeneratorSuite.java:91)
	at co.edu.javeriana.isml.generator.common.GeneratorSuite.access$0(GeneratorSuite.java:83)
	at co.edu.javeriana.isml.generator.common.GeneratorSuite$1.apply(GeneratorSuite.java:77)
	at co.edu.javeriana.isml.generator.common.GeneratorSuite$1.apply(GeneratorSuite.java:1)
	at org.eclipse.xtext.xbase.lib.IteratorExtensions.forEach(IteratorExtensions.java:385)
	at co.edu.javeriana.isml.generator.common.GeneratorSuite.doGenerate(GeneratorSuite.java:80)
	at co.edu.javeriana.generator.GeneratorDispatcher.doGenerate(GeneratorDispatcher.java:42)
	at org.eclipse.xtext.generator.GeneratorDelegate.doGenerate(GeneratorDelegate.java:45)
	at org.eclipse.xtext.generator.GeneratorDelegate.generate(GeneratorDelegate.java:34)
	at org.eclipse.xtext.builder.BuilderParticipant.handleChangedContents(BuilderParticipant.java:588)
	at co.edu.javeriana.generator.IsmlBuilderParticipant.handleChangedContents(IsmlBuilderParticipant.java:53)
	at org.eclipse.xtext.builder.BuilderParticipant.handleChangedContents(BuilderParticipant.java:573)
	at org.eclipse.xtext.builder.BuilderParticipant.doGenerate(BuilderParticipant.java:558)
	at org.eclipse.xtext.builder.BuilderParticipant.doBuild(BuilderParticipant.java:301)
	at org.eclipse.xtext.builder.BuilderParticipant.build(BuilderParticipant.java:259)
	at co.edu.javeriana.generator.IsmlBuilderParticipant.build(IsmlBuilderParticipant.java:44)
	at org.eclipse.xtext.builder.impl.RegistryBuilderParticipant$DeferredBuilderParticipant.build(RegistryBuilderParticipant.java:161)
	at org.eclipse.xtext.builder.impl.RegistryBuilderParticipant.build(RegistryBuilderParticipant.java:69)
	at org.eclipse.xtext.builder.impl.XtextBuilder.doBuild(XtextBuilder.java:291)
	at org.eclipse.xtext.builder.impl.XtextBuilder.fullBuild(XtextBuilder.java:319)
	at org.eclipse.xtext.builder.impl.XtextBuilder.build(XtextBuilder.java:155)
	at org.eclipse.core.internal.events.BuildManager$2.run(BuildManager.java:735)
	at org.eclipse.core.runtime.SafeRunner.run(SafeRunner.java:42)
	at org.eclipse.core.internal.events.BuildManager.basicBuild(BuildManager.java:206)
	at org.eclipse.core.internal.events.BuildManager.basicBuild(BuildManager.java:246)
	at org.eclipse.core.internal.events.BuildManager$1.run(BuildManager.java:301)
	at org.eclipse.core.runtime.SafeRunner.run(SafeRunner.java:42)
	at org.eclipse.core.internal.events.BuildManager.basicBuild(BuildManager.java:304)
	at org.eclipse.core.internal.events.BuildManager.basicBuildLoop(BuildManager.java:360)
	at org.eclipse.core.internal.events.BuildManager.build(BuildManager.java:383)
	at org.eclipse.core.internal.events.AutoBuildJob.doBuild(AutoBuildJob.java:142)
	at org.eclipse.core.internal.events.AutoBuildJob.run(AutoBuildJob.java:232)
	at org.eclipse.core.internal.jobs.Worker.run(Worker.java:56)
2017-10-17 09:59:27,230 349    [      Worker-21] ERROR ext.builder.BuilderParticipant  - Error during compilation of 'platform:/resource/frontendIonicISML/view/facultad/views/EditarFacultadV.isml'.
org.eclipse.core.internal.resources.ResourceException: Project 'AppPrenat' is not open.
	at org.eclipse.core.internal.resources.Project.checkAccessible(Project.java:144)
	at org.eclipse.core.internal.resources.Folder.assertCreateRequirements(Folder.java:33)
	at org.eclipse.core.internal.resources.Folder.create(Folder.java:93)
	at org.eclipse.core.internal.resources.Folder.create(Folder.java:121)
	at org.eclipse.xtext.builder.EclipseResourceFileSystemAccess2.ensureExists(EclipseResourceFileSystemAccess2.java:336)
	at org.eclipse.xtext.builder.EclipseResourceFileSystemAccess2.ensureExists(EclipseResourceFileSystemAccess2.java:335)
	at org.eclipse.xtext.builder.EclipseResourceFileSystemAccess2.ensureExists(EclipseResourceFileSystemAccess2.java:335)
	at org.eclipse.xtext.builder.EclipseResourceFileSystemAccess2.ensureExists(EclipseResourceFileSystemAccess2.java:335)
	at org.eclipse.xtext.builder.EclipseResourceFileSystemAccess2.createFolder(EclipseResourceFileSystemAccess2.java:311)
	at org.eclipse.xtext.builder.EclipseResourceFileSystemAccess2.createContainer(EclipseResourceFileSystemAccess2.java:319)
	at org.eclipse.xtext.builder.EclipseResourceFileSystemAccess2.ensureOutputConfigurationDirectoryExists(EclipseResourceFileSystemAccess2.java:188)
	at org.eclipse.xtext.builder.EclipseResourceFileSystemAccess2.generateFile(EclipseResourceFileSystemAccess2.java:206)
	at co.edu.javeriana.isml.generator.common.SimpleGenerator.execute(SimpleGenerator.java:34)
	at co.edu.javeriana.isml.generator.common.GeneratorSuite$2.accept(GeneratorSuite.java:88)
	at co.edu.javeriana.isml.generator.common.GeneratorSuite$2.accept(GeneratorSuite.java:1)
	at java.lang.Iterable.forEach(Iterable.java:75)
	at co.edu.javeriana.isml.generator.common.GeneratorSuite.generate(GeneratorSuite.java:91)
	at co.edu.javeriana.isml.generator.common.GeneratorSuite.access$0(GeneratorSuite.java:83)
	at co.edu.javeriana.isml.generator.common.GeneratorSuite$1.apply(GeneratorSuite.java:77)
	at co.edu.javeriana.isml.generator.common.GeneratorSuite$1.apply(GeneratorSuite.java:1)
	at org.eclipse.xtext.xbase.lib.IteratorExtensions.forEach(IteratorExtensions.java:385)
	at co.edu.javeriana.isml.generator.common.GeneratorSuite.doGenerate(GeneratorSuite.java:80)
	at co.edu.javeriana.generator.GeneratorDispatcher.doGenerate(GeneratorDispatcher.java:42)
	at org.eclipse.xtext.generator.GeneratorDelegate.doGenerate(GeneratorDelegate.java:45)
	at org.eclipse.xtext.generator.GeneratorDelegate.generate(GeneratorDelegate.java:34)
	at org.eclipse.xtext.builder.BuilderParticipant.handleChangedContents(BuilderParticipant.java:588)
	at co.edu.javeriana.generator.IsmlBuilderParticipant.handleChangedContents(IsmlBuilderParticipant.java:53)
	at org.eclipse.xtext.builder.BuilderParticipant.handleChangedContents(BuilderParticipant.java:573)
	at org.eclipse.xtext.builder.BuilderParticipant.doGenerate(BuilderParticipant.java:558)
	at org.eclipse.xtext.builder.BuilderParticipant.doBuild(BuilderParticipant.java:301)
	at org.eclipse.xtext.builder.BuilderParticipant.build(BuilderParticipant.java:259)
	at co.edu.javeriana.generator.IsmlBuilderParticipant.build(IsmlBuilderParticipant.java:44)
	at org.eclipse.xtext.builder.impl.RegistryBuilderParticipant$DeferredBuilderParticipant.build(RegistryBuilderParticipant.java:161)
	at org.eclipse.xtext.builder.impl.RegistryBuilderParticipant.build(RegistryBuilderParticipant.java:69)
	at org.eclipse.xtext.builder.impl.XtextBuilder.doBuild(XtextBuilder.java:291)
	at org.eclipse.xtext.builder.impl.XtextBuilder.fullBuild(XtextBuilder.java:319)
	at org.eclipse.xtext.builder.impl.XtextBuilder.build(XtextBuilder.java:155)
	at org.eclipse.core.internal.events.BuildManager$2.run(BuildManager.java:735)
	at org.eclipse.core.runtime.SafeRunner.run(SafeRunner.java:42)
	at org.eclipse.core.internal.events.BuildManager.basicBuild(BuildManager.java:206)
	at org.eclipse.core.internal.events.BuildManager.basicBuild(BuildManager.java:246)
	at org.eclipse.core.internal.events.BuildManager$1.run(BuildManager.java:301)
	at org.eclipse.core.runtime.SafeRunner.run(SafeRunner.java:42)
	at org.eclipse.core.internal.events.BuildManager.basicBuild(BuildManager.java:304)
	at org.eclipse.core.internal.events.BuildManager.basicBuildLoop(BuildManager.java:360)
	at org.eclipse.core.internal.events.BuildManager.build(BuildManager.java:383)
	at org.eclipse.core.internal.events.AutoBuildJob.doBuild(AutoBuildJob.java:142)
	at org.eclipse.core.internal.events.AutoBuildJob.run(AutoBuildJob.java:232)
	at org.eclipse.core.internal.jobs.Worker.run(Worker.java:56)
2017-10-17 09:59:27,241 360    [      Worker-21] ERROR ext.builder.BuilderParticipant  - Error during compilation of 'platform:/resource/frontendIonicISML/view/asignatura/views/CrearAsignaturaV.isml'.
org.eclipse.core.internal.resources.ResourceException: Project 'AppPrenat' is not open.
	at org.eclipse.core.internal.resources.Project.checkAccessible(Project.java:144)
	at org.eclipse.core.internal.resources.Folder.assertCreateRequirements(Folder.java:33)
	at org.eclipse.core.internal.resources.Folder.create(Folder.java:93)
	at org.eclipse.core.internal.resources.Folder.create(Folder.java:121)
	at org.eclipse.xtext.builder.EclipseResourceFileSystemAccess2.ensureExists(EclipseResourceFileSystemAccess2.java:336)
	at org.eclipse.xtext.builder.EclipseResourceFileSystemAccess2.ensureExists(EclipseResourceFileSystemAccess2.java:335)
	at org.eclipse.xtext.builder.EclipseResourceFileSystemAccess2.ensureExists(EclipseResourceFileSystemAccess2.java:335)
	at org.eclipse.xtext.builder.EclipseResourceFileSystemAccess2.ensureExists(EclipseResourceFileSystemAccess2.java:335)
	at org.eclipse.xtext.builder.EclipseResourceFileSystemAccess2.createFolder(EclipseResourceFileSystemAccess2.java:311)
	at org.eclipse.xtext.builder.EclipseResourceFileSystemAccess2.createContainer(EclipseResourceFileSystemAccess2.java:319)
	at org.eclipse.xtext.builder.EclipseResourceFileSystemAccess2.ensureOutputConfigurationDirectoryExists(EclipseResourceFileSystemAccess2.java:188)
	at org.eclipse.xtext.builder.EclipseResourceFileSystemAccess2.generateFile(EclipseResourceFileSystemAccess2.java:206)
	at co.edu.javeriana.isml.generator.common.SimpleGenerator.execute(SimpleGenerator.java:34)
	at co.edu.javeriana.isml.generator.common.GeneratorSuite$2.accept(GeneratorSuite.java:88)
	at co.edu.javeriana.isml.generator.common.GeneratorSuite$2.accept(GeneratorSuite.java:1)
	at java.lang.Iterable.forEach(Iterable.java:75)
	at co.edu.javeriana.isml.generator.common.GeneratorSuite.generate(GeneratorSuite.java:91)
	at co.edu.javeriana.isml.generator.common.GeneratorSuite.access$0(GeneratorSuite.java:83)
	at co.edu.javeriana.isml.generator.common.GeneratorSuite$1.apply(GeneratorSuite.java:77)
	at co.edu.javeriana.isml.generator.common.GeneratorSuite$1.apply(GeneratorSuite.java:1)
	at org.eclipse.xtext.xbase.lib.IteratorExtensions.forEach(IteratorExtensions.java:385)
	at co.edu.javeriana.isml.generator.common.GeneratorSuite.doGenerate(GeneratorSuite.java:80)
	at co.edu.javeriana.generator.GeneratorDispatcher.doGenerate(GeneratorDispatcher.java:42)
	at org.eclipse.xtext.generator.GeneratorDelegate.doGenerate(GeneratorDelegate.java:45)
	at org.eclipse.xtext.generator.GeneratorDelegate.generate(GeneratorDelegate.java:34)
	at org.eclipse.xtext.builder.BuilderParticipant.handleChangedContents(BuilderParticipant.java:588)
	at co.edu.javeriana.generator.IsmlBuilderParticipant.handleChangedContents(IsmlBuilderParticipant.java:53)
	at org.eclipse.xtext.builder.BuilderParticipant.handleChangedContents(BuilderParticipant.java:573)
	at org.eclipse.xtext.builder.BuilderParticipant.doGenerate(BuilderParticipant.java:558)
	at org.eclipse.xtext.builder.BuilderParticipant.doBuild(BuilderParticipant.java:301)
	at org.eclipse.xtext.builder.BuilderParticipant.build(BuilderParticipant.java:259)
	at co.edu.javeriana.generator.IsmlBuilderParticipant.build(IsmlBuilderParticipant.java:44)
	at org.eclipse.xtext.builder.impl.RegistryBuilderParticipant$DeferredBuilderParticipant.build(RegistryBuilderParticipant.java:161)
	at org.eclipse.xtext.builder.impl.RegistryBuilderParticipant.build(RegistryBuilderParticipant.java:69)
	at org.eclipse.xtext.builder.impl.XtextBuilder.doBuild(XtextBuilder.java:291)
	at org.eclipse.xtext.builder.impl.XtextBuilder.fullBuild(XtextBuilder.java:319)
	at org.eclipse.xtext.builder.impl.XtextBuilder.build(XtextBuilder.java:155)
	at org.eclipse.core.internal.events.BuildManager$2.run(BuildManager.java:735)
	at org.eclipse.core.runtime.SafeRunner.run(SafeRunner.java:42)
	at org.eclipse.core.internal.events.BuildManager.basicBuild(BuildManager.java:206)
	at org.eclipse.core.internal.events.BuildManager.basicBuild(BuildManager.java:246)
	at org.eclipse.core.internal.events.BuildManager$1.run(BuildManager.java:301)
	at org.eclipse.core.runtime.SafeRunner.run(SafeRunner.java:42)
	at org.eclipse.core.internal.events.BuildManager.basicBuild(BuildManager.java:304)
	at org.eclipse.core.internal.events.BuildManager.basicBuildLoop(BuildManager.java:360)
	at org.eclipse.core.internal.events.BuildManager.build(BuildManager.java:383)
	at org.eclipse.core.internal.events.AutoBuildJob.doBuild(AutoBuildJob.java:142)
	at org.eclipse.core.internal.events.AutoBuildJob.run(AutoBuildJob.java:232)
	at org.eclipse.core.internal.jobs.Worker.run(Worker.java:56)
2017-10-17 09:59:27,253 372    [      Worker-21] ERROR ext.builder.BuilderParticipant  - Error during compilation of 'platform:/resource/frontendIonicISML/view/facultad/views/FacultadV.isml'.
org.eclipse.core.internal.resources.ResourceException: Project 'AppPrenat' is not open.
	at org.eclipse.core.internal.resources.Project.checkAccessible(Project.java:144)
	at org.eclipse.core.internal.resources.Folder.assertCreateRequirements(Folder.java:33)
	at org.eclipse.core.internal.resources.Folder.create(Folder.java:93)
	at org.eclipse.core.internal.resources.Folder.create(Folder.java:121)
	at org.eclipse.xtext.builder.EclipseResourceFileSystemAccess2.ensureExists(EclipseResourceFileSystemAccess2.java:336)
	at org.eclipse.xtext.builder.EclipseResourceFileSystemAccess2.ensureExists(EclipseResourceFileSystemAccess2.java:335)
	at org.eclipse.xtext.builder.EclipseResourceFileSystemAccess2.ensureExists(EclipseResourceFileSystemAccess2.java:335)
	at org.eclipse.xtext.builder.EclipseResourceFileSystemAccess2.ensureExists(EclipseResourceFileSystemAccess2.java:335)
	at org.eclipse.xtext.builder.EclipseResourceFileSystemAccess2.createFolder(EclipseResourceFileSystemAccess2.java:311)
	at org.eclipse.xtext.builder.EclipseResourceFileSystemAccess2.createContainer(EclipseResourceFileSystemAccess2.java:319)
	at org.eclipse.xtext.builder.EclipseResourceFileSystemAccess2.ensureOutputConfigurationDirectoryExists(EclipseResourceFileSystemAccess2.java:188)
	at org.eclipse.xtext.builder.EclipseResourceFileSystemAccess2.generateFile(EclipseResourceFileSystemAccess2.java:206)
	at co.edu.javeriana.isml.generator.common.SimpleGenerator.execute(SimpleGenerator.java:34)
	at co.edu.javeriana.isml.generator.common.GeneratorSuite$2.accept(GeneratorSuite.java:88)
	at co.edu.javeriana.isml.generator.common.GeneratorSuite$2.accept(GeneratorSuite.java:1)
	at java.lang.Iterable.forEach(Iterable.java:75)
	at co.edu.javeriana.isml.generator.common.GeneratorSuite.generate(GeneratorSuite.java:91)
	at co.edu.javeriana.isml.generator.common.GeneratorSuite.access$0(GeneratorSuite.java:83)
	at co.edu.javeriana.isml.generator.common.GeneratorSuite$1.apply(GeneratorSuite.java:77)
	at co.edu.javeriana.isml.generator.common.GeneratorSuite$1.apply(GeneratorSuite.java:1)
	at org.eclipse.xtext.xbase.lib.IteratorExtensions.forEach(IteratorExtensions.java:385)
	at co.edu.javeriana.isml.generator.common.GeneratorSuite.doGenerate(GeneratorSuite.java:80)
	at co.edu.javeriana.generator.GeneratorDispatcher.doGenerate(GeneratorDispatcher.java:42)
	at org.eclipse.xtext.generator.GeneratorDelegate.doGenerate(GeneratorDelegate.java:45)
	at org.eclipse.xtext.generator.GeneratorDelegate.generate(GeneratorDelegate.java:34)
	at org.eclipse.xtext.builder.BuilderParticipant.handleChangedContents(BuilderParticipant.java:588)
	at co.edu.javeriana.generator.IsmlBuilderParticipant.handleChangedContents(IsmlBuilderParticipant.java:53)
	at org.eclipse.xtext.builder.BuilderParticipant.handleChangedContents(BuilderParticipant.java:573)
	at org.eclipse.xtext.builder.BuilderParticipant.doGenerate(BuilderParticipant.java:558)
	at org.eclipse.xtext.builder.BuilderParticipant.doBuild(BuilderParticipant.java:301)
	at org.eclipse.xtext.builder.BuilderParticipant.build(BuilderParticipant.java:259)
	at co.edu.javeriana.generator.IsmlBuilderParticipant.build(IsmlBuilderParticipant.java:44)
	at org.eclipse.xtext.builder.impl.RegistryBuilderParticipant$DeferredBuilderParticipant.build(RegistryBuilderParticipant.java:161)
	at org.eclipse.xtext.builder.impl.RegistryBuilderParticipant.build(RegistryBuilderParticipant.java:69)
	at org.eclipse.xtext.builder.impl.XtextBuilder.doBuild(XtextBuilder.java:291)
	at org.eclipse.xtext.builder.impl.XtextBuilder.fullBuild(XtextBuilder.java:319)
	at org.eclipse.xtext.builder.impl.XtextBuilder.build(XtextBuilder.java:155)
	at org.eclipse.core.internal.events.BuildManager$2.run(BuildManager.java:735)
	at org.eclipse.core.runtime.SafeRunner.run(SafeRunner.java:42)
	at org.eclipse.core.internal.events.BuildManager.basicBuild(BuildManager.java:206)
	at org.eclipse.core.internal.events.BuildManager.basicBuild(BuildManager.java:246)
	at org.eclipse.core.internal.events.BuildManager$1.run(BuildManager.java:301)
	at org.eclipse.core.runtime.SafeRunner.run(SafeRunner.java:42)
	at org.eclipse.core.internal.events.BuildManager.basicBuild(BuildManager.java:304)
	at org.eclipse.core.internal.events.BuildManager.basicBuildLoop(BuildManager.java:360)
	at org.eclipse.core.internal.events.BuildManager.build(BuildManager.java:383)
	at org.eclipse.core.internal.events.AutoBuildJob.doBuild(AutoBuildJob.java:142)
	at org.eclipse.core.internal.events.AutoBuildJob.run(AutoBuildJob.java:232)
	at org.eclipse.core.internal.jobs.Worker.run(Worker.java:56)
2017-10-17 09:59:27,265 384    [      Worker-21] ERROR ext.builder.BuilderParticipant  - Error during compilation of 'platform:/resource/frontendIonicISML/view/alumno/views/EditarAlumnoV.isml'.
org.eclipse.core.internal.resources.ResourceException: Project 'AppPrenat' is not open.
	at org.eclipse.core.internal.resources.Project.checkAccessible(Project.java:144)
	at org.eclipse.core.internal.resources.Folder.assertCreateRequirements(Folder.java:33)
	at org.eclipse.core.internal.resources.Folder.create(Folder.java:93)
	at org.eclipse.core.internal.resources.Folder.create(Folder.java:121)
	at org.eclipse.xtext.builder.EclipseResourceFileSystemAccess2.ensureExists(EclipseResourceFileSystemAccess2.java:336)
	at org.eclipse.xtext.builder.EclipseResourceFileSystemAccess2.ensureExists(EclipseResourceFileSystemAccess2.java:335)
	at org.eclipse.xtext.builder.EclipseResourceFileSystemAccess2.ensureExists(EclipseResourceFileSystemAccess2.java:335)
	at org.eclipse.xtext.builder.EclipseResourceFileSystemAccess2.ensureExists(EclipseResourceFileSystemAccess2.java:335)
	at org.eclipse.xtext.builder.EclipseResourceFileSystemAccess2.createFolder(EclipseResourceFileSystemAccess2.java:311)
	at org.eclipse.xtext.builder.EclipseResourceFileSystemAccess2.createContainer(EclipseResourceFileSystemAccess2.java:319)
	at org.eclipse.xtext.builder.EclipseResourceFileSystemAccess2.ensureOutputConfigurationDirectoryExists(EclipseResourceFileSystemAccess2.java:188)
	at org.eclipse.xtext.builder.EclipseResourceFileSystemAccess2.generateFile(EclipseResourceFileSystemAccess2.java:206)
	at co.edu.javeriana.isml.generator.common.SimpleGenerator.execute(SimpleGenerator.java:34)
	at co.edu.javeriana.isml.generator.common.GeneratorSuite$2.accept(GeneratorSuite.java:88)
	at co.edu.javeriana.isml.generator.common.GeneratorSuite$2.accept(GeneratorSuite.java:1)
	at java.lang.Iterable.forEach(Iterable.java:75)
	at co.edu.javeriana.isml.generator.common.GeneratorSuite.generate(GeneratorSuite.java:91)
	at co.edu.javeriana.isml.generator.common.GeneratorSuite.access$0(GeneratorSuite.java:83)
	at co.edu.javeriana.isml.generator.common.GeneratorSuite$1.apply(GeneratorSuite.java:77)
	at co.edu.javeriana.isml.generator.common.GeneratorSuite$1.apply(GeneratorSuite.java:1)
	at org.eclipse.xtext.xbase.lib.IteratorExtensions.forEach(IteratorExtensions.java:385)
	at co.edu.javeriana.isml.generator.common.GeneratorSuite.doGenerate(GeneratorSuite.java:80)
	at co.edu.javeriana.generator.GeneratorDispatcher.doGenerate(GeneratorDispatcher.java:42)
	at org.eclipse.xtext.generator.GeneratorDelegate.doGenerate(GeneratorDelegate.java:45)
	at org.eclipse.xtext.generator.GeneratorDelegate.generate(GeneratorDelegate.java:34)
	at org.eclipse.xtext.builder.BuilderParticipant.handleChangedContents(BuilderParticipant.java:588)
	at co.edu.javeriana.generator.IsmlBuilderParticipant.handleChangedContents(IsmlBuilderParticipant.java:53)
	at org.eclipse.xtext.builder.BuilderParticipant.handleChangedContents(BuilderParticipant.java:573)
	at org.eclipse.xtext.builder.BuilderParticipant.doGenerate(BuilderParticipant.java:558)
	at org.eclipse.xtext.builder.BuilderParticipant.doBuild(BuilderParticipant.java:301)
	at org.eclipse.xtext.builder.BuilderParticipant.build(BuilderParticipant.java:259)
	at co.edu.javeriana.generator.IsmlBuilderParticipant.build(IsmlBuilderParticipant.java:44)
	at org.eclipse.xtext.builder.impl.RegistryBuilderParticipant$DeferredBuilderParticipant.build(RegistryBuilderParticipant.java:161)
	at org.eclipse.xtext.builder.impl.RegistryBuilderParticipant.build(RegistryBuilderParticipant.java:69)
	at org.eclipse.xtext.builder.impl.XtextBuilder.doBuild(XtextBuilder.java:291)
	at org.eclipse.xtext.builder.impl.XtextBuilder.fullBuild(XtextBuilder.java:319)
	at org.eclipse.xtext.builder.impl.XtextBuilder.build(XtextBuilder.java:155)
	at org.eclipse.core.internal.events.BuildManager$2.run(BuildManager.java:735)
	at org.eclipse.core.runtime.SafeRunner.run(SafeRunner.java:42)
	at org.eclipse.core.internal.events.BuildManager.basicBuild(BuildManager.java:206)
	at org.eclipse.core.internal.events.BuildManager.basicBuild(BuildManager.java:246)
	at org.eclipse.core.internal.events.BuildManager$1.run(BuildManager.java:301)
	at org.eclipse.core.runtime.SafeRunner.run(SafeRunner.java:42)
	at org.eclipse.core.internal.events.BuildManager.basicBuild(BuildManager.java:304)
	at org.eclipse.core.internal.events.BuildManager.basicBuildLoop(BuildManager.java:360)
	at org.eclipse.core.internal.events.BuildManager.build(BuildManager.java:383)
	at org.eclipse.core.internal.events.AutoBuildJob.doBuild(AutoBuildJob.java:142)
	at org.eclipse.core.internal.events.AutoBuildJob.run(AutoBuildJob.java:232)
	at org.eclipse.core.internal.jobs.Worker.run(Worker.java:56)
